1546172772766	mozrunner::runner	INFO	Running command: "C:\\Program Files\\Mozilla Firefox\\firefox.exe" "-marionette" "-foreground" "-no-remote" "-profile" "C:\\Users\\王者\\AppData\\Local\\Temp\\rust_mozprofile.BLuFp8NK4r18"
1546172773943	addons.webextension.screenshots@mozilla.org	WARN	Loading extension 'screenshots@mozilla.org': Reading manifest: Invalid host permission: resource://pdf.js/
1546172773943	addons.webextension.screenshots@mozilla.org	WARN	Loading extension 'screenshots@mozilla.org': Reading manifest: Invalid host permission: about:reader*
1546172776330	Marionette	INFO	Listening on port 63707
1546172777025	Marionette	WARN	TLS certificate errors will be ignored for this session
console.error: BroadcastService: 
  receivedBroadcastMessage: handler for
  remote-settings/monitor_changes
  threw error:
  Message: Error: Polling for changes failed: NetworkError when attempting to fetch resource..
  Stack:
    remoteSettingsFunction/remoteSettings.pollChanges@resource://services-settings/remote-settings.js:750:13

JavaScript error: http://bdimg.share.baidu.com/static/api/js/trans/logger.js?v=60603cb3.js, line 1: TypeError: n.ajax.request is not a function
[Child 15616, Chrome_ChildThread] WARNING: pipe error: 109: file z:/build/build/src/ipc/chromium/src/chrome/common/ipc_channel_win.cc, line 346
[Child 15616, ChIPDL protocol error: Handler returned error code!

###!!! [Parent][DispatchAsyncMessage] Error: PLayerTransaction::Msg_ReleaseLayer Processing error: message was deserialized, but the handler returned false (indicating failure)

IPDL protocol error: Handler returned error code!

###!!! [Parent][DispatchAsyncMessage] Error: PLayerTransaction::Msg_ReleaseLayer Processing error: message was deserialized, but the handler returned false (indicating failure)

IPDL protocol error: Handler returned error code!

###!!! [Parent][DispatchAsyncMessage] Error: PLayerTransaction::Msg_ReleaseLayer Processing error: message was deserialized, but the handler returned false (indicating failure)

IPDL protocol error: Handler returned error code!

###!!! [Parent][DispatchAsyncMessage] Error: PLayerTransaction::Msg_ReleaseLayer Processing error: message was deserialized, but the handler returned false (indicating failure)

IPDL protocol error: Handler returned error code!

###!!! [Parent][DispatchAsyncMessage] Error: PLayerTransaction::Msg_ReleaseLayer Processing error: message was deserialized, but the handler returned false (indicating failure)

IPDL protocol error: Handler returned error code!

###!!! [Parent][DispatchAsyncMessage] Error: PLayerTransaction::Msg_ReleaseLayer Processing error: message was deserialized, but the handler returned false (indicating failure)

IPDL protocol error: Handler returned error code!

###!!! [Parent][DispatchAsyncMessage] Error: PLayerTransaction::Msg_ReleaseLayer Processing error: message was deserialized, but the handler returned false (indicating failure)

IPDL protocol error: Handler returned error code!

###!!! [Parent][DispatchAsyncMessage] Error: PLayerTransaction::Msg_ReleaseLayer Processing error: message was deserialized, but the handler returned false (indicating failure)

JavaScript error: resource://gre/modules/WebProgressChild.jsm, line 58: TypeError: this.mm.content is null
[Parent 8480, Gecko_IOThread] WARNING: pipe error: 109: file z:/build/build/src/ipc/chromium/src/chrome/common/ipc_channel_win.cc, line 346
[Child 17636, Chrome_ChildThread] WARNING: pipe error: 109: file z:/build/build/src/ipc/chromium/src/chrome/common/ipc_channel_win.cc, line 346
[Child 17636, Chrome_ChildThread] WARNING: pipe error: 109: file z:/build/build[Parent 8480, Gecko_IOThread] WARNING: pipe error: 109: file z:/build/build/src/ipc/chromium/src/chrome/common/ipc_channel_win.cc, line 346
[Child 14248, Chrome_ChildThread] WARNING: pipe error: 109: file z:/build/build/src/ipc/chromium/src/chrome/common/ipc_channel_win.cc, line 346
[Child 14248, Chrom1546173136763	Marionette	INFO	Stopped listening on port 63707

###!!! [Child][RunMessage] Error: Channel closing: too late to send/recv, messages will be lost

[GPU 1
###!!! [Child][MessageChannel::SendAndWait] Error: Channel error: cannot send/recv

1546173153339	mozrunner::runner	INFO	Running command: "C:\\Program Files\\Mozilla Firefox\\firefox.exe" "-marionette" "-foreground" "-no-remote" "-profile" "C:\\Users\\王者\\AppData\\Local\\Temp\\rust_mozprofile.Ckk3RhMq5WJg"
1546173155031	addons.webextension.screenshots@mozilla.org	WARN	Loading extension 'screenshots@mozilla.org': Reading manifest: Invalid host permission: resource://pdf.js/
1546173155031	addons.webextension.screenshots@mozilla.org	WARN	Loading extension 'screenshots@mozilla.org': Reading manifest: Invalid host permission: about:reader*
1546173158267	Marionette	INFO	Listening on port 64065
1546173158544	Marionette	WARN	TLS certificate errors will be ignored for this session
console.error: BroadcastService: 
  receivedBroadcastMessage: handler for
  remote-settings/monitor_changes
  threw error:
  Message: Error: Polling for changes failed: NetworkError when attempting to fetch resource..
  Stack:
    remoteSettingsFunction/remoteSettings.pollChanges@resource://services-settings/remote-settings.js:750:13

JavaScript error: http://bdimg.share.baidu.com/static/api/js/trans/logger.js?v=60603cb3.js, line 1: TypeError: n.ajax.request is not a function
[Parent 18080, Gecko_IOThread] WARNING: pipe error: 109: file z:/build/build/src/ipc/chromium/src/chrome/common/ipc_channel_win.cc, line 346
[Child 9184, Chrome_ChildThread] WARNING: pipe error: 109: file z:/build/build/src/ipc/chromium/src/chrome/common/ipc_channel_win.cc, line 346
[Child 9184, Chrome[Parent 18080, Gecko_IOThread] WARNING: pipe error: 109: file z:/build/build/src/ipc/chromium/src/chrome/common/ipc_channel_win.cc, line 346
[Child 9240, Chrome_ChildThread] WARNING: pipe error: 109: file z:/build/build/src/ipc/chromium/src/chrome/common/ipc_channel_win.cc, line 346
[Child 9240, Chrome_ChildThread][Parent 18080, Gecko_IOThread] WARNING: pipe error: 109: file z:/build/build/src/ipc/chromium/src/chrome/common/ipc_channel_win.cc, line 346
[Child 8428, Chrome_ChildThread] WARNING: pipe error: 109: file z:/build/build/src/ipc/chromium/src/chrome/common/ipc_channel_win.cc, line 346
[Child 8428, Chrome_C1546173314296	Marionette	INFO	Stopped listening on port 64065
[GPU 17804, C
###!!! [Child][RunMessage] Error: Channel closing: too late to send/recv, messages will be lost

hrome
###!!! [Child][MessageChannel::SendAndWait] Error: Channel error: cannot send/recv

1546173320779	mozrunner::runner	INFO	Running command: "C:\\Program Files\\Mozilla Firefox\\firefox.exe" "-marionette" "-foreground" "-no-remote" "-profile" "C:\\Users\\王者\\AppData\\Local\\Temp\\rust_mozprofile.7JKByagqT0lW"
1546173322048	addons.webextension.screenshots@mozilla.org	WARN	Loading extension 'screenshots@mozilla.org': Reading manifest: Invalid host permission: resource://pdf.js/
1546173322048	addons.webextension.screenshots@mozilla.org	WARN	Loading extension 'screenshots@mozilla.org': Reading manifest: Invalid host permission: about:reader*
1546173324999	Marionette	INFO	Listening on port 64228
1546173325206	Marionette	WARN	TLS certificate errors will be ignored for this session
JavaScript error: http://bdimg.share.baidu.com/static/api/js/trans/logger.js?v=60603cb3.js, line 1: TypeError: n.ajax.request is not a function
console.error: BroadcastService: 
  receivedBroadcastMessage: handler for
  remote-settings/monitor_changes
  threw error:
  Message: Error: Polling for changes failed: NetworkError when attempting to fetch resource..
  Stack:
    remoteSettingsFunction/remoteSettings.pollChanges@resource://services-settings/remote-settings.js:750:13

JavaScript error: http://bdimg.share.baidu.com/static/api/js/trans/logger.js?v=60603cb3.js, line 1: TypeError: n.ajax.request is not a function
[Parent 14644, Gecko_IOThread] WARNING: pipe error: 109: file z:/build/build/src/ipc/chromium/src/chrome/common/ipc_channel_win.cc, line 346
[Child 3140, Chrome_ChildThread] WARNING: pipe error: 109: file z:/build/build/src/ipc/chromium/src/chrome/common/ipc_channel_win.cc, line 346
[Child 3140, ChromIPDL protocol error: Handler returned error code!

###!!! [Parent][DispatchAsyncMessage] Error: PLayerTransaction::Msg_ReleaseLayer Processing error: message was deserialized, but the handler returned false (indicating failure)

[Parent 14644, Gecko_IOThread] WARNING: pipe error: 109: file z:/build/build/src/ipc/chromium/src/chrome/common/ipc_channel_win.cc, line 346
[Child 14788, Chrome_ChildThread] WARNING: pipe error: 109: file z:/build/build/src/ipc/chromium/src/chrome/common/ipc_channel_win.cc, line 346
[Child 14788, Chrome_ChildThread] WARNING: p[Parent 14644, Gecko_IOThread] WARNING: pipe error: 109: file z:/build/build/src/ipc/chromium/src/chrome/common/ipc_channel_win.cc, line 346
[Child 15276, Chrome_ChildThread] WARNING: pipe error: 109: file z:/build/build/src/ipc/chromium/src/chrome/common/ipc_channel_win.cc, line 346
[Child 15276, Chrome_ChildThread1546173395750	Marionette	INFO	Stopped listening on port 64228
[GPU 800, Chrome_Chi
###!!! [Child][MessageChannel::SendAndWait] Error: Channel error: cannot send/recv

1546173407953	mozrunner::runner	INFO	Running command: "C:\\Program Files\\Mozilla Firefox\\firefox.exe" "-marionette" "-foreground" "-no-remote" "-profile" "C:\\Users\\王者\\AppData\\Local\\Temp\\rust_mozprofile.UCyyDbxEtSy4"
1546173409282	addons.webextension.screenshots@mozilla.org	WARN	Loading extension 'screenshots@mozilla.org': Reading manifest: Invalid host permission: resource://pdf.js/
1546173409283	addons.webextension.screenshots@mozilla.org	WARN	Loading extension 'screenshots@mozilla.org': Reading manifest: Invalid host permission: about:reader*
1546173411807	Marionette	INFO	Listening on port 64436
1546173411948	Marionette	WARN	TLS certificate errors will be ignored for this session
JavaScript error: http://bdimg.share.baidu.com/static/api/js/trans/logger.js?v=60603cb3.js, line 1: TypeError: n.ajax.request is not a function
JavaScript warning: http://pos.baidu.com/s?hei=90&wid=728&di=u2737468&ltu=http%3A%2F%2Fwww.51zxw.net%2Flist.aspx%3Fpage%3D2%26cid%3D615&psi=5255b1d6060f285476bda7ebe499fe9a&ari=2&tcn=1546173423&dri=0&pis=-1x-1&cce=true&chi=2&dis=0&cec=GBK&pss=1263x1903&cja=false&ant=0&col=zh-CN&cpl=0&psr=1280x720&ti=Selenium%E8%87%AA%E5%8A%A8%E5%8C%96%E6%B5%8B%E8%AF%95%E6%95%99%E7%A8%8B_Page2-%E6%88%91%E8%A6%81%E8%87%AA%E5%AD%A6%E7%BD%91&pcs=1263x585&dc=3&dai=2&par=1280x680&tpr=1546173423408&ps=1819x66&drs=1&exps=111000,110000&dtm=HTML_POST&ccd=24&cdo=-1&cfv=0&tlm=1546173423&cmi=0, line 119: unreachable code after return statement
JavaScript warning: http://pos.baidu.com/s?hei=90&wid=728&di=u2737468&ltu=http%3A%2F%2Fwww.51zxw.net%2Flist.aspx%3Fpage%3D2%26cid%3D615&psi=5255b1d6060f285476bda7ebe499fe9a&ari=2&tcn=1546173423&dri=0&pis=-1x-1&cce=true&chi=2&dis=0&cec=GBK&pss=1263x1903&cja=false&ant=0&col=zh-CN&cpl=0&psr=1280x720&ti=Selenium%E8%87%AA%E5%8A%A8%E5%8C%96%E6%B5%8B%E8%AF%95%E6%95%99%E7%A8%8B_Page2-%E6%88%91%E8%A6%81%E8%87%AA%E5%AD%A6%E7%BD%91&pcs=1263x585&dc=3&dai=2&par=1280x680&tpr=1546173423408&ps=1819x66&drs=1&exps=111000,110000&dtm=HTML_POST&ccd=24&cdo=-1&cfv=0&tlm=1546173423&cmi=0, line 119: unreachable code after return statement
JavaScript warning: http://pos.baidu.com/s?hei=90&wid=728&di=u2737468&ltu=http%3A%2F%2Fwww.51zxw.net%2Flist.aspx%3Fpage%3D2%26cid%3D615&psi=03b574a47bab19e722d0913ef364d49f&pcs=371x281&ant=0&dai=2&dtm=HTML_POST&ti=Selenium%E8%87%AA%E5%8A%A8%E5%8C%96%E6%B5%8B%E8%AF%95%E6%95%99%E7%A8%8B_Page2-%E6%88%91%E8%A6%81%E8%87%AA%E5%AD%A6%E7%BD%91&tpr=1546173424639&ps=1819x0&col=zh-CN&cfv=0&pis=-1x-1&dri=0&psr=1280x720&dis=0&drs=3&pss=1130x1903&cec=GBK&ccd=24&cce=true&exps=111000,110000&dc=3&tlm=1546173424&ari=2&cpl=0&cja=false&cdo=-1&tcn=1546173425&chi=2&cmi=0&par=1280x680, line 119: unreachable code after return statement
JavaScript warning: http://pos.baidu.com/s?hei=90&wid=728&di=u2737468&ltu=http%3A%2F%2Fwww.51zxw.net%2Flist.aspx%3Fpage%3D2%26cid%3D615&psi=03b574a47bab19e722d0913ef364d49f&pcs=371x281&ant=0&dai=2&dtm=HTML_POST&ti=Selenium%E8%87%AA%E5%8A%A8%E5%8C%96%E6%B5%8B%E8%AF%95%E6%95%99%E7%A8%8B_Page2-%E6%88%91%E8%A6%81%E8%87%AA%E5%AD%A6%E7%BD%91&tpr=1546173424639&ps=1819x0&col=zh-CN&cfv=0&pis=-1x-1&dri=0&psr=1280x720&dis=0&drs=3&pss=1130x1903&cec=GBK&ccd=24&cce=true&exps=111000,110000&dc=3&tlm=1546173424&ari=2&cpl=0&cja=false&cdo=-1&tcn=1546173425&chi=2&cmi=0&par=1280x680, line 119: unreachable code after return statement
1546173427665	Marionette	INFO	Stopped listening on port 64436
[Parent 13432, Gecko_IOThread] WARNING: pipe error: 109: file z:/build/build/src/ipc/chromium/src/chrome/common/ipc_channel_win.cc, line 346
[Child 14416, Chrome_ChildThread] WARNING: pipe error: 109: file z:/build/build/src/ipc/chromium/src/chrome/common/ipc_channel_win.cc, line 346
[Child 14416, Chrome_Chil[Child 18252, Chrome_ChildThread] WARNING: pipe error: 109: file z:/build/build/src/ipc/chromium/src/chrome/common/ipc_channel_win.cc, line 346
[Child 18252, Chrome_ChildThrea[Parent 13432, Gecko_IOThread] WARNING: pipe error: 109: file z:/build/build/src/ipc/chromium/src/chrome/common/ipc_channel_win.cc, line 346
[Child 18376, Chrome_ChildThread] WARNING: pipe error: 109: file z:/build/build/src/ipc/chromium/src/chrome/common/ipc_channel_win.cc, line 346
[Child 18376, 
###!!! [Child][RunMessage] Error: Channel closing: too late to send/recv, messages will be lost

[GPU 13436, Chrome
###!!! [Child][MessageChannel::SendAndWait] Error: Channel error: cannot send/recv

1546173468068	mozrunner::runner	INFO	Running command: "C:\\Program Files\\Mozilla Firefox\\firefox.exe" "-marionette" "-foreground" "-no-remote" "-profile" "C:\\Users\\王者\\AppData\\Local\\Temp\\rust_mozprofile.JQ9pQBDB7D1U"
1546173469413	addons.webextension.screenshots@mozilla.org	WARN	Loading extension 'screenshots@mozilla.org': Reading manifest: Invalid host permission: resource://pdf.js/
1546173469414	addons.webextension.screenshots@mozilla.org	WARN	Loading extension 'screenshots@mozilla.org': Reading manifest: Invalid host permission: about:reader*
1546173471617	Marionette	INFO	Listening on port 64599
1546173472110	Marionette	WARN	TLS certificate errors will be ignored for this session
JavaScript error: http://bdimg.share.baidu.com/static/api/js/trans/logger.js?v=60603cb3.js, line 1: TypeError: n.ajax.request is not a function
JavaScript warning: http://pos.baidu.com/s?hei=90&wid=728&di=u2737468&ltu=http%3A%2F%2Fwww.51zxw.net%2Flist.aspx%3Fpage%3D2%26cid%3D615&psi=a14a2c9632db425f1d27ba34453b8cca&dc=3&exps=111000,110000&dai=2&cce=true&ant=0&tlm=1546173483&ari=2&col=zh-CN&dri=0&ps=1819x66&dtm=HTML_POST&pcs=1263x585&cmi=0&par=1280x680&pis=-1x-1&chi=2&psr=1280x720&tcn=1546173484&cfv=0&cpl=0&ti=Selenium%E8%87%AA%E5%8A%A8%E5%8C%96%E6%B5%8B%E8%AF%95%E6%95%99%E7%A8%8B_Page2-%E6%88%91%E8%A6%81%E8%87%AA%E5%AD%A6%E7%BD%91&ccd=24&drs=1&cja=false&tpr=1546173483754&cec=GBK&dis=0&pss=1263x1903&cdo=-1, line 119: unreachable code after return statement
JavaScript warning: http://pos.baidu.com/s?hei=90&wid=728&di=u2737468&ltu=http%3A%2F%2Fwww.51zxw.net%2Flist.aspx%3Fpage%3D2%26cid%3D615&psi=a14a2c9632db425f1d27ba34453b8cca&dc=3&exps=111000,110000&dai=2&cce=true&ant=0&tlm=1546173483&ari=2&col=zh-CN&dri=0&ps=1819x66&dtm=HTML_POST&pcs=1263x585&cmi=0&par=1280x680&pis=-1x-1&chi=2&psr=1280x720&tcn=1546173484&cfv=0&cpl=0&ti=Selenium%E8%87%AA%E5%8A%A8%E5%8C%96%E6%B5%8B%E8%AF%95%E6%95%99%E7%A8%8B_Page2-%E6%88%91%E8%A6%81%E8%87%AA%E5%AD%A6%E7%BD%91&ccd=24&drs=1&cja=false&tpr=1546173483754&cec=GBK&dis=0&pss=1263x1903&cdo=-1, line 119: unreachable code after return statement
JavaScript error: http://bdimg.share.baidu.com/static/api/js/trans/logger.js?v=60603cb3.js, line 1: TypeError: n.ajax.request is not a function
console.error: BroadcastService: 
  receivedBroadcastMessage: handler for
  remote-settings/monitor_changes
  threw error:
  Message: Error: Polling for changes failed: NetworkError when attempting to fetch resource..
  Stack:
    remoteSettingsFunction/remoteSettings.pollChanges@resource://services-settings/remote-settings.js:750:13

JavaScript error: http://bdimg.share.baidu.com/static/api/js/trans/logger.js?v=60603cb3.js, line 1: TypeError: n.ajax.request is not a function
JavaScript warning: http://pos.baidu.com/s?hei=90&wid=728&di=u2737468&ltu=http%3A%2F%2Fwww.51zxw.net%2Flist.aspx%3Fpage%3D2%26cid%3D615&psi=002f72af46201b85309b4ee4d8f0d018&ant=0&ari=2&dis=0&pss=1130x1903&cfv=0&cmi=0&tpr=1546173515289&dri=0&par=1280x680&tlm=1546173515&cec=GBK&pcs=371x281&col=zh-CN&dc=3&chi=2&cdo=-1&cce=true&ti=Selenium%E8%87%AA%E5%8A%A8%E5%8C%96%E6%B5%8B%E8%AF%95%E6%95%99%E7%A8%8B_Page2-%E6%88%91%E8%A6%81%E8%87%AA%E5%AD%A6%E7%BD%91&exps=111000,110000&cja=false&ps=1819x0&psr=1280x720&tcn=1546173515&dtm=HTML_POST&cpl=0&dai=2&drs=3&ccd=24&pis=-1x-1, line 119: unreachable code after return statement
JavaScript warning: http://pos.baidu.com/s?hei=90&wid=728&di=u2737468&ltu=http%3A%2F%2Fwww.51zxw.net%2Flist.aspx%3Fpage%3D2%26cid%3D615&psi=002f72af46201b85309b4ee4d8f0d018&ant=0&ari=2&dis=0&pss=1130x1903&cfv=0&cmi=0&tpr=1546173515289&dri=0&par=1280x680&tlm=1546173515&cec=GBK&pcs=371x281&col=zh-CN&dc=3&chi=2&cdo=-1&cce=true&ti=Selenium%E8%87%AA%E5%8A%A8%E5%8C%96%E6%B5%8B%E8%AF%95%E6%95%99%E7%A8%8B_Page2-%E6%88%91%E8%A6%81%E8%87%AA%E5%AD%A6%E7%BD%91&exps=111000,110000&cja=false&ps=1819x0&psr=1280x720&tcn=1546173515&dtm=HTML_POST&cpl=0&dai=2&drs=3&ccd=24&pis=-1x-1, line 119: unreachable code after return statement
1546173517778	Marionette	INFO	Stopped listening on port 64599
[Child 18592, Chrome_ChildThread] WARNING: pipe error: 109: file z:/build/build/src/ipc/chromium/src/chrome/common/ipc_channel_win.cc, line 346
[Child 18592, C[Parent 12488, Gecko_IOThread] WARNING: pipe error: 109: file z:/build/build/src/ipc/chromium/src/chrome/common/ipc_channel_win.cc, line 346
[Child 8556, Chrome_ChildThread] WARNING: pipe error: 109: file z:/build/build/src/ipc/chromium/src/chrome/common/ipc_channel_win.cc, line 346
[Child 8556, Chrome_ChildThread] WARNING:[Parent 12488, Gecko_IOThread] WARNING: pipe error: 109: file z:/build/build/src/ipc/chromium/src/chrome/common/ipc_channel_win.cc, line 346

###!!! [Child][RunMessage] Error: Channel closing: too late to send/recv, messages will be lost

[GPU 18852, Ch
###!!! [Child][MessageChannel::SendAndWait] Error: Channel error: cannot send/recv

1546312235446	mozrunner::runner	INFO	Running command: "C:\\Program Files\\Mozilla Firefox\\firefox.exe" "-marionette" "-foreground" "-no-remote" "-profile" "C:\\Users\\王者\\AppData\\Local\\Temp\\rust_mozprofile.dQJnCtNt5zrl"
1546312236365	addons.webextension.screenshots@mozilla.org	WARN	Loading extension 'screenshots@mozilla.org': Reading manifest: Invalid host permission: resource://pdf.js/
1546312236365	addons.webextension.screenshots@mozilla.org	WARN	Loading extension 'screenshots@mozilla.org': Reading manifest: Invalid host permission: about:reader*
1546312238341	Marionette	INFO	Listening on port 62682
1546312238794	Marionette	WARN	TLS certificate errors will be ignored for this session
JavaScript error: https://ss1.bdstatic.com/5eN1bjq8AAUYm2zgoY3K/r/www/cache/static/protocol/https/plugins/every_cookie_4644b13.js, line 4: ReferenceError: c is not defined
[Parent 7224, Gecko_IOThread] WARNING: pipe error: 109: file z:/build/build/src/ipc/chromium/src/chrome/common/ipc_channel_win.cc, line 346
[Parent 7224, Gecko_IOThread] WARNING: pipe error: 109: file z:/build/build/src/ipc/chromium/src/chrome/common/ipc_channel_win.cc, line 346
[Child 7748, Chrome_ChildThread] WARNING: pipe error: 109: file z:/build/build/src/ipc/chromium/src/chrome/common/ipc_channel_win.cc, line 346
[Child 7748, C[hrome_ChChild 10268, Chrome_ChildThread] WARNING: pipe error: 109: file z:/build/build/src/ipc/chromium/src/chrome/common/ipc_channel_win.cc, line 346
[Child 10268[Parent 7224, Gecko_IOThread] WARNING: pipe error: 109: file z:/build/build/src/ipc/chromium/src/chrome/common/ipc_channel_win.cc, line 346
1546312276123	Marionette	INFO	Stopped listening on port 62682
[GPU 16300, Chro
###!!! [Child][MessageChannel::SendAndWait] Error: Channel error: cannot send/recv

1546312645014	mozrunner::runner	INFO	Running command: "C:\\Program Files\\Mozilla Firefox\\firefox.exe" "-marionette" "-foreground" "-no-remote" "-profile" "C:\\Users\\王者\\AppData\\Local\\Temp\\rust_mozprofile.ND2Aeu9OjnSu"
1546312646091	addons.webextension.screenshots@mozilla.org	WARN	Loading extension 'screenshots@mozilla.org': Reading manifest: Invalid host permission: resource://pdf.js/
1546312646091	addons.webextension.screenshots@mozilla.org	WARN	Loading extension 'screenshots@mozilla.org': Reading manifest: Invalid host permission: about:reader*
1546312648364	Marionette	INFO	Listening on port 62848
1546312648487	Marionette	WARN	TLS certificate errors will be ignored for this session
[Parent 18516, Gecko_IOThread] WARNING: pipe error: 109: file z:/build/build/src/ipc/chromium/src/chrome/common/ipc_channel_win.cc, line 346
[Parent 18516, Gecko_IOThread] WARNING: pipe error: 109: file z:/build/build/src/ipc/chromium/src/chrome/common/ipc_channel_win.cc, line 346
[Child 20476, Chrome_ChildThread] WARNING: pipe error: 109: file z:/build/build/src/ipc/chromium/src/chrome/common/ipc_channel_win.cc, li[Cnhild 2e 3460416, Chro
me_ChildTh[Child 2047read] WARNING: pipe error: 109: file z:/build/build/src/ipc/chromium/src/chrome/common/ipc_channel_win.cc, line 346
[Child 20416, C[Parent 18516, Gecko_IOThread] WARNING: pipe error: 109: file z:/build/build/src/ipc/chromium/src/chrome/common/ipc_channel_win.cc, line 346
[Child 14208, Chrome_ChildThread] WARNING: pipe error: 109: file z:/build/build/src/ipc/chromium/src/chrome/common/ipc_channel_win.cc, line 346
[Child 14208, 1546312655449	Marionette	INFO	Stopped listening on port 62848
[GPU 20052, Chrome_C
###!!! [Child][RunMessage] Error: Channel closing: too late to send/recv, messages will be lost


###!!! [Child][MessageChannel::SendAndWait] Error: Channel error: cannot send/recv

1546312663772	mozrunner::runner	INFO	Running command: "C:\\Program Files\\Mozilla Firefox\\firefox.exe" "-marionette" "-foreground" "-no-remote" "-profile" "C:\\Users\\王者\\AppData\\Local\\Temp\\rust_mozprofile.C7yLxEHxQz9W"
1546312664887	addons.webextension.screenshots@mozilla.org	WARN	Loading extension 'screenshots@mozilla.org': Reading manifest: Invalid host permission: resource://pdf.js/
1546312664887	addons.webextension.screenshots@mozilla.org	WARN	Loading extension 'screenshots@mozilla.org': Reading manifest: Invalid host permission: about:reader*
1546312667003	Marionette	INFO	Listening on port 62882
1546312667130	Marionette	WARN	TLS certificate errors will be ignored for this session
JavaScript error: http://bdimg.share.baidu.com/static/api/js/trans/logger.js?v=60603cb3.js, line 1: TypeError: n.ajax.request is not a function
JavaScript error: resource://gre/modules/WebProgressChild.jsm, line 58: TypeError: this.mm.content is null
[Parent 972, Gecko_IOThread] WARNING: pipe error: 109: file z:/build/build/src/ipc/chromium/src/chrome/common/ipc_channel_win.cc, line 346
[Child 15472, Chrome_ChildThread] WARNING: pipe error: 109: file z:/build/build/src/ipc/chromium/src/chrome/common/ipc_channel_win.cc, line 346
[Child 15472, Chrome_Chi1546312682499	Marionette	INFO	Stopped listening on port 62882

###!!! [Child][RunMessage] Error: Channel closing: too late to send/recv, messages will be lost

[GPU 20168, Chr
###!!! [Child][MessageChannel::SendAndWait] Error: Channel error: cannot send/recv

1546312688180	mozrunner::runner	INFO	Running command: "C:\\Program Files\\Mozilla Firefox\\firefox.exe" "-marionette" "-foreground" "-no-remote" "-profile" "C:\\Users\\王者\\AppData\\Local\\Temp\\rust_mozprofile.RyCxVvqirSqm"
1546312689289	addons.webextension.screenshots@mozilla.org	WARN	Loading extension 'screenshots@mozilla.org': Reading manifest: Invalid host permission: resource://pdf.js/
1546312689289	addons.webextension.screenshots@mozilla.org	WARN	Loading extension 'screenshots@mozilla.org': Reading manifest: Invalid host permission: about:reader*
1546312691305	Marionette	INFO	Listening on port 62984
1546312691542	Marionette	WARN	TLS certificate errors will be ignored for this session
console.error: BroadcastService: 
  receivedBroadcastMessage: handler for
  remote-settings/monitor_changes
  threw error:
  Message: Error: Polling for changes failed: NetworkError when attempting to fetch resource..
  Stack:
    remoteSettingsFunction/remoteSettings.pollChanges@resource://services-settings/remote-settings.js:750:13

JavaScript error: http://bdimg.share.baidu.com/static/api/js/trans/logger.js?v=60603cb3.js, line 1: TypeError: n.ajax.request is not a function
[Parent 19728, Gecko_IOThread] WARNING: pipe error: 109: file z:/build/build/src/ipc/chromium/src/chrome/common/ipc_channel_win.cc, line 346
JavaScript error: resource://gre/modules/WebProgressChild.jsm, line 58: TypeError: this.mm.content is null
[Child 5720, Chrome_ChildThread] WARNING: pipe error: 109: file z:/build/build/src/ipc/chromium/src/chrome/common/ipc_channel_win.cc, line 346
[Child 5720, C[Parent 19728, Gecko_IOThread] WARNING: pipe error: 109: file z:/build/build/src/ipc/chromium/src/chrome/common/ipc_channel_win.cc, line 346
[Child 18012, Chrome_ChildThread] WARNING: pipe error: 109: file z:/build/build/src/ipc/chromium/src/chrome/common/ipc_channel_win.cc, line 346
[Child 18012, Chrome_ChildThread] WARNING: pipe error: 109: file[Parent 19728, Gecko_IOThread] WARNING: pipe error: 109: file z:/build/build/src/ipc/chromium/src/chrome/common/ipc_channel_win.cc, line 346
1546312787156	Marionette	INFO	Stopped listening on port 62984
[GPU
###!!! [Child][RunMessage] Error: Channel closing: too late to send/recv, messages will be lost

 18220, C
###!!! [Child][MessageChannel::SendAndWait] Error: Channel error: cannot send/recv

1546312792442	mozrunner::runner	INFO	Running command: "C:\\Program Files\\Mozilla Firefox\\firefox.exe" "-marionette" "-foreground" "-no-remote" "-profile" "C:\\Users\\王者\\AppData\\Local\\Temp\\rust_mozprofile.2rdT3nzARITx"
1546312793729	addons.webextension.screenshots@mozilla.org	WARN	Loading extension 'screenshots@mozilla.org': Reading manifest: Invalid host permission: resource://pdf.js/
1546312793729	addons.webextension.screenshots@mozilla.org	WARN	Loading extension 'screenshots@mozilla.org': Reading manifest: Invalid host permission: about:reader*
1546312796334	Marionette	INFO	Listening on port 63127
1546312796847	Marionette	WARN	TLS certificate errors will be ignored for this session
JavaScript error: http://bdimg.share.baidu.com/static/api/js/trans/logger.js?v=60603cb3.js, line 1: TypeError: n.ajax.request is not a function
[Parent 12872, Gecko_IOThread] WARNING: pipe error: 109: file z:/build/build/src/ipc/chromium/src/chrome/common/ipc_channel_win.cc, line 346
[Child 9700, Chrome_ChildThread] WARNING: pipe error: 109: file z:/build/build/src/ipc/chromium/src/chrome/common/ipc_channel_win.cc, line 346
[Child 9JavaScript error: resource://gre/modules/WebProgressChild.jsm, line 58: TypeError: this.mm.content is null
[Parent 12872, Gecko_IOThread] WARNING: pipe error: 109: file z:/build/build/src/ipc/chromium/src/chrome/common/ipc_channel_win.cc, line 346
[Child 2396, Chrome_ChildThread] WARNING: pipe error: 109: file z:/build/build/src/ipc/chromium/src/chrome/common/ipc_channel_win.cc, line 346
[Child 2396, Chrome_ChildThread][Parent 12872, Gecko_IOThread] WARNING: pipe error: 109: file z:/build/build/src/ipc/chromium/src/chrome/common/ipc_channel_win.cc, line 346
[Child 10556, Chrome_ChildThread] WARNING: pipe error: 109: file z:/build/build/src/ipc/chromium/src/chrome/common/ipc_channel_win.cc, line 346
[Child 10556, 1546312811272	Marionette	INFO	Stopped listening on port 63127

###!!! [Child][RunMessage] Error: Channel closing: too late to send/recv, messages will be lost

[GPU 16080, Chrome_ChildThread] WARNING: p
###!!! [Child][MessageChannel::SendAndWait] Error: Channel error: cannot send/recv

1546312936090	mozrunner::runner	INFO	Running command: "C:\\Program Files\\Mozilla Firefox\\firefox.exe" "-marionette" "-foreground" "-no-remote" "-profile" "C:\\Users\\王者\\AppData\\Local\\Temp\\rust_mozprofile.Nd2ZeLcY2NL6"
1546312936867	addons.webextension.screenshots@mozilla.org	WARN	Loading extension 'screenshots@mozilla.org': Reading manifest: Invalid host permission: resource://pdf.js/
1546312936867	addons.webextension.screenshots@mozilla.org	WARN	Loading extension 'screenshots@mozilla.org': Reading manifest: Invalid host permission: about:reader*
1546312939102	Marionette	INFO	Listening on port 63302
1546312939350	Marionette	WARN	TLS certificate errors will be ignored for this session
JavaScript error: http://bdimg.share.baidu.com/static/api/js/trans/logger.js?v=60603cb3.js, line 1: TypeError: n.ajax.request is not a function
[Parent 19952, Gecko_IOThread] WARNING: pipe error: 109: file z:/build/build/src/ipc/chromium/src/chrome/common/ipc_channel_win.cc, line 346
[Child 18852, Chrome_ChildThread] WARNING: pipe error: 109: file z:/build/build/src/ipc/chromium/src/chrome/common/ipc_channel_win.cc, line 346
[Child 18852, Chrome_JavaScript error: resource://gre/modules/WebProgressChild.jsm, line 58: TypeError: this.mm.content is null
[Parent 19952, Gecko_IOThread] WARNING: file z:/build/build/src/ipc/chromium/src/base/process_util_win.cc, line 188
[Parent 19952, Gecko_IOThread] WARNING: pipe error: 109: file z:/build/build/src/ipc/chromium/src/chrome/common/ipc_channel_win.cc, line 346
[Child 20280, Chrome_ChildThread] WARNING: pipe error: 109: file z:/build/build/src/ipc/chromium/src/chrome/common/ipc_channel_win.cc, line 346
[Child 20280, Chrome_ChildThread] WARNING: pipe error: 109: file z[Parent 19952, Gecko_IOThread] WARNING: pipe error: 109: file z:/build/build/src/ipc/chromium/src/chrome/common/ipc_channel_win.cc, line 346
1546312963533	Marionette	INFO	Stopped listening on port 63302

###!!! [Child][RunMessage] Error: Channel closing: too late to send/recv, messages will be lost

[GPU 19756, Chr
###!!! [Child][MessageChannel::SendAndWait] Error: Channel error: cannot send/recv

1546312968648	mozrunner::runner	INFO	Running command: "C:\\Program Files\\Mozilla Firefox\\firefox.exe" "-marionette" "-foreground" "-no-remote" "-profile" "C:\\Users\\王者\\AppData\\Local\\Temp\\rust_mozprofile.2UG1Mhx26Mdl"
1546312969714	addons.webextension.screenshots@mozilla.org	WARN	Loading extension 'screenshots@mozilla.org': Reading manifest: Invalid host permission: resource://pdf.js/
1546312969714	addons.webextension.screenshots@mozilla.org	WARN	Loading extension 'screenshots@mozilla.org': Reading manifest: Invalid host permission: about:reader*
1546312971976	Marionette	INFO	Listening on port 63408
1546312972068	Marionette	WARN	TLS certificate errors will be ignored for this session
JavaScript error: http://bdimg.share.baidu.com/static/api/js/trans/logger.js?v=60603cb3.js, line 1: TypeError: n.ajax.request is not a function
[Parent 15964, Gecko_IOThread] WARNING: pipe error: 109: file z:/build/build/src/ipc/chromium/src/chrome/common/ipc_channel_win.cc, line 346
[Child 20036, Chrome_ChildThread] WARNING: pipe error: 109: file z:/build/build/src/ipc/chromium/src/chrome/common/ipc_channel_win.cc, line 346
[Child 20036, Chrome_ChildThr[Parent 15964, Gecko_IOThread] WARNING: pipe error: 109: file z:/build/build/src/ipc/chromium/src/chrome/common/ipc_channel_win.cc, line 346
[Child 10092, Chrome_ChildThread] WARNING: pipe error: 109: file z:/build/build/src/ipc/chromium/src/chrome/common/ipc_channel_win.cc, line 346
[Child 10092, Chr1546313070734	Marionette	INFO	Stopped listening on port 63408

###!!! [Child][RunMessage] Error: Channel closing: too late to send/recv, messages will be lost

[GPU 10708, Chrome_Child
###!!! [Child][MessageChannel::SendAndWait] Error: Channel error: cannot send/recv

1546313075773	mozrunner::runner	INFO	Running command: "C:\\Program Files\\Mozilla Firefox\\firefox.exe" "-marionette" "-foreground" "-no-remote" "-profile" "C:\\Users\\王者\\AppData\\Local\\Temp\\rust_mozprofile.hRMWhzqkYSXc"
1546313076871	addons.webextension.screenshots@mozilla.org	WARN	Loading extension 'screenshots@mozilla.org': Reading manifest: Invalid host permission: resource://pdf.js/
1546313076872	addons.webextension.screenshots@mozilla.org	WARN	Loading extension 'screenshots@mozilla.org': Reading manifest: Invalid host permission: about:reader*
1546313079028	Marionette	INFO	Listening on port 63558
1546313079223	Marionette	WARN	TLS certificate errors will be ignored for this session
console.error: BroadcastService: 
  receivedBroadcastMessage: handler for
  remote-settings/monitor_changes
  threw error:
  Message: Error: Polling for changes failed: NetworkError when attempting to fetch resource..
  Stack:
    remoteSettingsFunction/remoteSettings.pollChanges@resource://services-settings/remote-settings.js:750:13

JavaScript error: http://bdimg.share.baidu.com/static/api/js/trans/logger.js?v=60603cb3.js, line 1: TypeError: n.ajax.request is not a function
[Parent 4836, Gecko_IOThread] WARNING: pipe error: 109: file z:/build/build/src/ipc/chromium/src/chrome/common/ipc_channel_win.cc, line 346
[Child 18316, Chrome_ChildThread] WARNING: pipe error: 109: file z:/build/build/src/ipc/chromium/src/chrome/common/ipc_channel_win.cc, line 346
[Child 18316, Chrome[Parent 4836, Gecko_IOThread] WARNING: pipe error: 109: file z:/build/build/src/ipc/chromium/src/chrome/common/ipc_channel_win.cc, line 346
[Child 15464, Chrome_ChildThread] WARNING: pipe error: 109: file z:/build/build/src/ipc/chromium/src/chrome/common/ipc_channel_win.cc, line 346
[Child 15464, 1546313263499	Marionette	INFO	Stopped listening on port 63558
[GPU 178
###!!! [Child][RunMessage] Error: Channel closing: too late to send/recv, messages will be lost


###!!! [Child][MessageChannel::SendAndWait] Error: Channel error: cannot send/recv

1546313269183	mozrunner::runner	INFO	Running command: "C:\\Program Files\\Mozilla Firefox\\firefox.exe" "-marionette" "-foreground" "-no-remote" "-profile" "C:\\Users\\王者\\AppData\\Local\\Temp\\rust_mozprofile.CltnsjH0W1kA"
1546313270980	addons.webextension.screenshots@mozilla.org	WARN	Loading extension 'screenshots@mozilla.org': Reading manifest: Invalid host permission: resource://pdf.js/
1546313270980	addons.webextension.screenshots@mozilla.org	WARN	Loading extension 'screenshots@mozilla.org': Reading manifest: Invalid host permission: about:reader*
1546313272970	Marionette	INFO	Listening on port 63704
1546313273196	Marionette	WARN	TLS certificate errors will be ignored for this session
console.error: BroadcastService: 
  receivedBroadcastMessage: handler for
  remote-settings/monitor_changes
  threw error:
  Message: Error: Polling for changes failed: NetworkError when attempting to fetch resource..
  Stack:
    remoteSettingsFunction/remoteSettings.pollChanges@resource://services-settings/remote-settings.js:750:13

JavaScript error: http://bdimg.share.baidu.com/static/api/js/trans/logger.js?v=60603cb3.js, line 1: TypeError: n.ajax.request is not a function
[Child 19528, Chrome_ChildThread] WARNING: pipe error: 109: file z:/build/build/src/ipc/chromium/src/chrome/common/ipc_channel_win.cc, line 346
[Child 19528, Chrome_ChildThread] WARNING: pipe error: 109: file z:/build/build/src/ipc/chromium/src/chrome/common/ipc_channel_win[Parent 1728, Gecko_IOThread] WARNING: pipe error: 109: file z:/build/build/src/ipc/chromium/src/chrome/common/ipc_channel_win.cc, line 346
[Child 16120, Chrome_ChildThread] WARNING: pipe error: 109: file z:/build/build/src/ipc/chromium/src/chrome/common/ipc_channel_win.cc, line 346
[Child 16120, Chrome[Parent 1728, Gecko_IOThread] WARNING: pipe error: 109: file z:/build/build/src/ipc/chromium/src/chrome/common/ipc_channel_win.cc, line 346
[Child 1432, Chrome_ChildThread] WARNING: pipe error: 109: file z:/build/build/src/ipc/chromium/src/chrome/common/ipc_channel_win.cc, line 346
[Child 14321546321434888	Marionette	INFO	Stopped listening on port 63704
[G
###!!! [Child][MessageChannel::SendAndWait] Error: Channel error: cannot send/recv

